Arguments: 
  C:\Program Files\nodejs\node.exe C:\Program Files (x86)\Yarn\bin\yarn.js

PATH: 
  C:\windows\system32;C:\windows;C:\windows\System32\Wbem;C:\windows\System32\WindowsPowerShell\v1.0\;C:\Program Files\Git\cmd;C:\Program Files\Redis\;C:\Program Files\OpenSSH\bin;C:\Program Files\nodejs\;C:\Program Files\MongoDB\Server\3.4\bin;C:\Program Files (x86)\Yarn\bin;C:\Users\Administrator.WIN-5F0H9I6356S\AppData\Local\Microsoft\WindowsApps;;C:\Users\Administrator.WIN-5F0H9I6356S\AppData\Roaming\npm;C:\Users\Administrator.WIN-5F0H9I6356S\AppData\Local\Yarn\bin;C:\Program Files\Microsoft VS Code\bin

Yarn version: 
  1.3.2

Node version: 
  8.9.4

Platform: 
  win32 x64

npm manifest: 
  {
    "name": "myblog",
    "version": "0.1.0",
    "private": true,
    "scripts": {
      "start": "node bin/www",
      "dev": "./node_modules/.bin/nodemon bin/www",
      "prd": "pm2 start bin/www",
      "test": "echo \"Error: no test specified\" && exit 1"
    },
    "dependencies": {
      "async-file": "^2.0.2",
      "cheerio": "^1.0.0-rc.2",
      "debug": "^3.1.0",
      "del": "^3.0.0",
      "eventproxy": "^1.0.0",
      "gm": "^1.23.0",
      "ioredis": "^3.2.2",
      "kcors": "^2.2.1",
      "koa": "^2.4.1",
      "koa-bodyparser": "^4.2.0",
      "koa-busboy": "^1.1.1",
      "koa-convert": "^1.2.0",
      "koa-favicon": "^2.0.0",
      "koa-json": "^2.0.2",
      "koa-logger": "^3.1.0",
      "koa-onerror": "^4.0.0",
      "koa-router": "^7.3.0",
      "koa-session2": "^2.2.5",
      "koa-static": "^4.0.2",
      "koa-timeout-v2": "^1.0.0",
      "koa-views": "^6.1.3",
      "mongoose": "^4.13.5",
      "superagent": "^3.8.2",
      "superagent-charset": "^1.2.0"
    },
    "devDependencies": {
      "mongoose": "^4.13.7",
      "nodemon": "^1.14.1"
    }
  }

yarn manifest: 
  No manifest

Lockfile: 
  No lockfile

Trace: 
  Error: ENOENT: no such file or directory, copyfile 'C:\Users\Administrator.WIN-5F0H9I6356S\AppData\Local\Yarn\cache\v1\npm-is-descriptor-1.0.2-3b159746a66604b04f8c81524ba365c5f14d86ec\index.js' -> 'D:\project\myblog\node_modules\base\node_modules\is-descriptor\index.js'
